<?xml version="1.0" encoding="UTF-8"?>
<!-- Generated by org.testng.reporters.JUnitXMLReporter -->
<testsuite ignored="8" hostname="DESKTOP-2B1P0GB" failures="0" tests="1" name="Default test(failed)" time="16.469" errors="0" timestamp="2023-02-09T14:10:45 IST">
  <testcase classname="com.qa.opencart.factory.TestBase" name="@BeforeClass commonSetUp" time="16.04">
    <failure type="java.lang.NullPointerException">
      <![CDATA[java.lang.NullPointerException
at com.qa.opencart.factory.WebDriverFactory.getDriver(WebDriverFactory.java:137)
at com.qa.opencart.factory.TestBase.commonSetUp(TestBase.java:49)
at java.base/java.util.ArrayList.forEach(ArrayList.java:1541)
... Removed 25 stack frames]]>
    </failure>
  </testcase> <!-- @BeforeClass commonSetUp -->
  <testcase classname="com.qa.opencart.testcase.LoginPageTest" name="@BeforeClass beforeClass" time="0.0">
    <skipped/>
  </testcase> <!-- @BeforeClass beforeClass -->
  <testcase classname="com.qa.opencart.testcase.LoginPageTest" name="@BeforeMethod beforeMethod" time="0.0">
    <skipped/>
  </testcase> <!-- @BeforeMethod beforeMethod -->
  <testcase classname="com.qa.opencart.testcase.LoginPageTest" name="@AfterClass afterClass" time="0.0">
    <skipped/>
  </testcase> <!-- @AfterClass afterClass -->
  <testcase classname="com.qa.opencart.factory.TestBase" name="@AfterClass commonTearDown" time="0.0">
    <skipped/>
  </testcase> <!-- @AfterClass commonTearDown -->
  <testcase classname="com.qa.opencart.testcase.LoginPageTest" name="verifyingIsNewCustomerHeaderTextAvailableTest" time="0.0">
    <skipped/>
  </testcase> <!-- verifyingIsNewCustomerHeaderTextAvailableTest -->
  <testcase classname="com.qa.opencart.testcase.LoginPageTest" name="verifyingIsReturningCustomerHeaderTextTest" time="0.0">
    <ignored/>
  </testcase> <!-- verifyingIsReturningCustomerHeaderTextTest -->
  <testcase classname="com.qa.opencart.testcase.LoginPageTest" name="validatingLoginPgContinueBtnTest" time="0.0">
    <ignored/>
  </testcase> <!-- validatingLoginPgContinueBtnTest -->
  <testcase classname="com.qa.opencart.testcase.LoginPageTest" name="validatingForgottenPswdLinkTest" time="0.0">
    <ignored/>
  </testcase> <!-- validatingForgottenPswdLinkTest -->
  <testcase classname="com.qa.opencart.testcase.LoginPageTest" name="loginTest" time="0.0">
    <ignored/>
  </testcase> <!-- loginTest -->
  <testcase classname="com.qa.opencart.testcase.LoginPageTest" name="verifyingIsRegisterAccountTextAvailableTest" time="0.0">
    <ignored/>
  </testcase> <!-- verifyingIsRegisterAccountTextAvailableTest -->
  <testcase classname="com.qa.opencart.testcase.LoginPageTest" name="verifyLoginPgTitleTest" time="0.0">
    <ignored/>
  </testcase> <!-- verifyLoginPgTitleTest -->
  <testcase classname="com.qa.opencart.testcase.LoginPageTest" name="verifyForgotPswdExistsTest" time="0.0">
    <ignored/>
  </testcase> <!-- verifyForgotPswdExistsTest -->
  <testcase classname="com.qa.opencart.testcase.LoginPageTest" name="verifyLoginPgUrlTest" time="0.0">
    <ignored/>
  </testcase> <!-- verifyLoginPgUrlTest -->
</testsuite> <!-- Default test(failed) -->
