<?xml version="1.0" encoding="UTF-8"?>
<!-- Generated by org.testng.reporters.JUnitXMLReporter -->
<testsuite ignored="3" hostname="DESKTOP-2B1P0GB" failures="0" tests="1" name="Default test" time="34.752" errors="0" timestamp="2023-02-07T11:14:08 IST">
  <testcase classname="com.qa.opencart.factory.TestBase" name="@BeforeClass commonSetUp" time="34.118">
    <failure type="java.lang.NullPointerException">
      <![CDATA[java.lang.NullPointerException
at com.qa.opencart.factory.WebDriverFactory.getDriver(WebDriverFactory.java:137)
at com.qa.opencart.factory.TestBase.commonSetUp(TestBase.java:45)
at java.base/jdk.internal.reflect.NativeMethodAccessorImpl.invoke0(Native Method)
at java.base/jdk.internal.reflect.NativeMethodAccessorImpl.invoke(NativeMethodAccessorImpl.java:62)
at java.base/jdk.internal.reflect.DelegatingMethodAccessorImpl.invoke(DelegatingMethodAccessorImpl.java:43)
at java.base/java.lang.reflect.Method.invoke(Method.java:566)
at org.testng.internal.invokers.MethodInvocationHelper.invokeMethod(MethodInvocationHelper.java:139)
at org.testng.internal.invokers.MethodInvocationHelper.invokeMethodConsideringTimeout(MethodInvocationHelper.java:69)
at org.testng.internal.invokers.ConfigInvoker.invokeConfigurationMethod(ConfigInvoker.java:361)
at org.testng.internal.invokers.ConfigInvoker.invokeConfigurations(ConfigInvoker.java:296)
at org.testng.internal.invokers.TestMethodWorker.invokeBeforeClassMethods(TestMethodWorker.java:180)
at org.testng.internal.invokers.TestMethodWorker.run(TestMethodWorker.java:122)
at java.base/java.util.ArrayList.forEach(ArrayList.java:1541)
at org.testng.TestRunner.privateRun(TestRunner.java:829)
at org.testng.TestRunner.run(TestRunner.java:602)
at org.testng.SuiteRunner.runTest(SuiteRunner.java:437)
at org.testng.SuiteRunner.runSequentially(SuiteRunner.java:431)
at org.testng.SuiteRunner.privateRun(SuiteRunner.java:391)
at org.testng.SuiteRunner.run(SuiteRunner.java:330)
at org.testng.SuiteRunnerWorker.runSuite(SuiteRunnerWorker.java:52)
at org.testng.SuiteRunnerWorker.run(SuiteRunnerWorker.java:95)
at org.testng.TestNG.runSuitesSequentially(TestNG.java:1256)
at org.testng.TestNG.runSuitesLocally(TestNG.java:1176)
at org.testng.TestNG.runSuites(TestNG.java:1099)
at org.testng.TestNG.run(TestNG.java:1067)
at org.testng.remote.AbstractRemoteTestNG.run(AbstractRemoteTestNG.java:115)
at org.testng.remote.RemoteTestNG.initAndRun(RemoteTestNG.java:251)
at org.testng.remote.RemoteTestNG.main(RemoteTestNG.java:77)
]]>
    </failure>
  </testcase> <!-- @BeforeClass commonSetUp -->
  <testcase classname="com.qa.opencart.testcase.LoginPageTest" name="@BeforeClass beforeClass" time="0.0">
    <skipped/>
  </testcase> <!-- @BeforeClass beforeClass -->
  <testcase classname="com.qa.opencart.testcase.LoginPageTest" name="@BeforeMethod beforeMethod" time="0.0">
    <skipped/>
  </testcase> <!-- @BeforeMethod beforeMethod -->
  <testcase classname="com.qa.opencart.factory.TestBase" name="@AfterClass commonTearDown" time="0.0">
    <skipped/>
  </testcase> <!-- @AfterClass commonTearDown -->
  <testcase classname="com.qa.opencart.testcase.LoginPageTest" name="verifyingIsNewCustomerHeaderTextAvailableTest" time="0.0">
    <skipped/>
  </testcase> <!-- verifyingIsNewCustomerHeaderTextAvailableTest -->
  <testcase classname="com.qa.opencart.testcase.LoginPageTest" name="verifyLoginPgUrlTest" time="0.0">
    <ignored/>
  </testcase> <!-- verifyLoginPgUrlTest -->
  <testcase classname="com.qa.opencart.testcase.LoginPageTest" name="verifyLoginPgTitleTest" time="0.0">
    <ignored/>
  </testcase> <!-- verifyLoginPgTitleTest -->
  <testcase classname="com.qa.opencart.testcase.LoginPageTest" name="verifyingIsReturningCustomerHeaderTextTest" time="0.0">
    <ignored/>
  </testcase> <!-- verifyingIsReturningCustomerHeaderTextTest -->
</testsuite> <!-- Default test -->
