<?xml version="1.0" encoding="UTF-8"?>
<!-- Generated by org.testng.reporters.JUnitXMLReporter -->
<testsuite ignored="0" hostname="DESKTOP-2B1P0GB" failures="0" tests="48" name="opencartTest" time="696.89" errors="0" timestamp="2023-02-11T15:48:09 IST">
  <testcase classname="com.qa.opencart.testcase.HomePageTest" name="verifyOpenCartLogoTest" time="0.2"/>
  <testcase classname="com.qa.opencart.testcase.HomePageTest" name="verifyOpenCartTitleTest" time="0.018"/>
  <testcase classname="com.qa.opencart.testcase.HomePageTest" name="navigateToRegistrationPageTest" time="7.424"/>
  <testcase classname="com.qa.opencart.testcase.HomePageTest" name="navigateToLoginPageTest" time="6.432"/>
  <testcase classname="com.qa.opencart.testcase.RegistrationPageTest" name="registrationDataDrivenTest" time="53.274"/>
  <testcase classname="com.qa.opencart.testcase.RegistrationPageTest" name="registrationDataDrivenTest" time="55.886"/>
  <testcase classname="com.qa.opencart.testcase.RegistrationPageTest" name="registrationDataDrivenTest" time="52.738"/>
  <testcase classname="com.qa.opencart.testcase.RegistrationPageTest" name="registrationTest" time="54.171"/>
  <testcase classname="com.qa.opencart.testcase.RegistrationPageTest" name="validatingLoginPgLink" time="2.944"/>
  <testcase classname="com.qa.opencart.testcase.RegistrationPageTest" name="registrationPgNegativeCases" time="36.836"/>
  <testcase classname="com.qa.opencart.testcase.RegistrationPageTest" name="validatingPrivacyPolicyLink" time="4.95"/>
  <testcase classname="com.qa.opencart.testcase.RegistrationPageTest" name="registerPgContinueBtn" time="2.918"/>
  <testcase classname="com.qa.opencart.testcase.RegistrationPageTest" name="existingEmailErrMsg" time="38.816"/>
  <testcase classname="com.qa.opencart.testcase.ForgotPswdPageTest" name="verifyIsForgotYourPswdHeaderTxtAvailableTest" time="0.052"/>
  <testcase classname="com.qa.opencart.testcase.ForgotPswdPageTest" name="verifyIsYourEmailAddrTxtAvailableTest" time="0.058"/>
  <testcase classname="com.qa.opencart.testcase.ForgotPswdPageTest" name="setRandomEmailTest" time="11.095"/>
  <testcase classname="com.qa.opencart.testcase.ForgotPswdPageTest" name="withoutFillingEmailTest" time="7.963"/>
  <testcase classname="com.qa.opencart.testcase.ForgotPswdPageTest" name="validatingBackLinkTest" time="2.904"/>
  <testcase classname="com.qa.opencart.testcase.ForgotPswdPageTest" name="navigatingToForgotPswdPgFromRegPgTest" time="8.06"/>
  <testcase classname="com.qa.opencart.testcase.LoginPageTest" name="verifyLoginPgTitleTest" time="0.011"/>
  <testcase classname="com.qa.opencart.testcase.LoginPageTest" name="verifyLoginPgUrlTest" time="0.017"/>
  <testcase classname="com.qa.opencart.testcase.LoginPageTest" name="verifyingIsNewCustomerHeaderTextAvailableTest" time="0.072"/>
  <testcase classname="com.qa.opencart.testcase.LoginPageTest" name="verifyingIsReturningCustomerHeaderTextTest" time="0.048"/>
  <testcase classname="com.qa.opencart.testcase.LoginPageTest" name="verifyForgotPswdExistsTest" time="0.049"/>
  <testcase classname="com.qa.opencart.testcase.LoginPageTest" name="verifyingIsRegisterAccountTextAvailableTest" time="0.063"/>
  <testcase classname="com.qa.opencart.testcase.LoginPageTest" name="validatingForgottenPswdLinkTest" time="3.425"/>
  <testcase classname="com.qa.opencart.testcase.LoginPageTest" name="validatingLoginPgContinueBtnTest" time="4.872"/>
  <testcase classname="com.qa.opencart.testcase.LoginPageTest" name="loginTest" time="8.637"/>
  <testcase classname="com.qa.opencart.testcase.MyAccountPageTest" name="verifyingMyAccountPgUrl" time="0.018"/>
  <testcase classname="com.qa.opencart.testcase.MyAccountPageTest" name="verifyingMyAccountPgTitle" time="0.01"/>
  <testcase classname="com.qa.opencart.testcase.MyAccountPageTest" name="verifyingSearchBoxExistsTest" time="0.051"/>
  <testcase classname="com.qa.opencart.testcase.MyAccountPageTest" name="verifyingLogoutExistsTest" time="2.28"/>
  <testcase classname="com.qa.opencart.testcase.MyAccountPageTest" name="verifyingMyAccMenuOptionList" time="2.316"/>
  <testcase classname="com.qa.opencart.testcase.MyAccountPageTest" name="verifyingMyAccHeaderList" time="0.096"/>
  <testcase classname="com.qa.opencart.testcase.MyAccountPageTest" name="productSearchTest" time="9.376"/>
  <testcase classname="com.qa.opencart.testcase.MyAccountPageTest" name="productSearchTest" time="11.177"/>
  <testcase classname="com.qa.opencart.testcase.MyAccountPageTest" name="productSearchTest" time="10.335"/>
  <testcase classname="com.qa.opencart.testcase.ProductsDetailsPageTest" name="productHeaderTest" time="11.656"/>
  <testcase classname="com.qa.opencart.testcase.ProductsDetailsPageTest" name="productHeaderTest" time="11.324"/>
  <testcase classname="com.qa.opencart.testcase.ProductsDetailsPageTest" name="productHeaderTest" time="6.338"/>
  <testcase classname="com.qa.opencart.testcase.ProductsDetailsPageTest" name="productHeaderTest" time="6.876"/>
  <testcase classname="com.qa.opencart.testcase.ProductsDetailsPageTest" name="productHeaderTest" time="6.997"/>
  <testcase classname="com.qa.opencart.testcase.ProductsDetailsPageTest" name="productImagesTest" time="6.424"/>
  <testcase classname="com.qa.opencart.testcase.ProductsDetailsPageTest" name="productImagesTest" time="7.827"/>
  <testcase classname="com.qa.opencart.testcase.ProductsDetailsPageTest" name="productImagesTest" time="6.782"/>
  <testcase classname="com.qa.opencart.testcase.ProductsDetailsPageTest" name="productImagesTest" time="11.99"/>
  <testcase classname="com.qa.opencart.testcase.ProductsDetailsPageTest" name="productImagesTest" time="9.872"/>
  <testcase classname="com.qa.opencart.testcase.ProductsDetailsPageTest" name="productMetaDataTest" time="8.911"/>
</testsuite> <!-- opencartTest -->
