<?xml version="1.0" encoding="UTF-8"?>
<!-- Generated by org.testng.reporters.JUnitXMLReporter -->
<testsuite ignored="0" hostname="DESKTOP-2B1P0GB" failures="0" tests="48" name="opencartTest" time="605.553" errors="0" timestamp="2023-02-10T11:12:03 IST">
  <testcase classname="com.qa.opencart.testcase.HomePageTest" name="verifyOpenCartLogoTest" time="0.166"/>
  <testcase classname="com.qa.opencart.testcase.HomePageTest" name="verifyOpenCartTitleTest" time="0.014"/>
  <testcase classname="com.qa.opencart.testcase.HomePageTest" name="navigateToRegistrationPageTest" time="6.209"/>
  <testcase classname="com.qa.opencart.testcase.HomePageTest" name="navigateToLoginPageTest" time="5.8"/>
  <testcase classname="com.qa.opencart.testcase.RegistrationPageTest" name="registrationDataDrivenTest" time="52.576"/>
  <testcase classname="com.qa.opencart.testcase.RegistrationPageTest" name="registrationDataDrivenTest" time="53.041"/>
  <testcase classname="com.qa.opencart.testcase.RegistrationPageTest" name="registrationDataDrivenTest" time="52.308"/>
  <testcase classname="com.qa.opencart.testcase.RegistrationPageTest" name="registrationTest" time="51.418"/>
  <testcase classname="com.qa.opencart.testcase.RegistrationPageTest" name="validatingLoginPgLink" time="2.791"/>
  <testcase classname="com.qa.opencart.testcase.RegistrationPageTest" name="registrationPgNegativeCases" time="36.635"/>
  <testcase classname="com.qa.opencart.testcase.RegistrationPageTest" name="validatingPrivacyPolicyLink" time="4.83"/>
  <testcase classname="com.qa.opencart.testcase.RegistrationPageTest" name="registerPgContinueBtn" time="2.997"/>
  <testcase classname="com.qa.opencart.testcase.RegistrationPageTest" name="existingEmailErrMsg" time="38.716"/>
  <testcase classname="com.qa.opencart.testcase.ForgotPswdPageTest" name="verifyIsForgotYourPswdHeaderTxtAvailableTest" time="0.072"/>
  <testcase classname="com.qa.opencart.testcase.ForgotPswdPageTest" name="verifyIsYourEmailAddrTxtAvailableTest" time="0.072"/>
  <testcase classname="com.qa.opencart.testcase.ForgotPswdPageTest" name="setRandomEmailTest" time="10.318"/>
  <testcase classname="com.qa.opencart.testcase.ForgotPswdPageTest" name="withoutFillingEmailTest" time="7.809"/>
  <testcase classname="com.qa.opencart.testcase.ForgotPswdPageTest" name="validatingBackLinkTest" time="2.797"/>
  <testcase classname="com.qa.opencart.testcase.ForgotPswdPageTest" name="navigatingToForgotPswdPgFromRegPgTest" time="7.78"/>
  <testcase classname="com.qa.opencart.testcase.LoginPageTest" name="verifyLoginPgTitleTest" time="0.022"/>
  <testcase classname="com.qa.opencart.testcase.LoginPageTest" name="verifyLoginPgUrlTest" time="0.015"/>
  <testcase classname="com.qa.opencart.testcase.LoginPageTest" name="verifyingIsNewCustomerHeaderTextAvailableTest" time="0.06"/>
  <testcase classname="com.qa.opencart.testcase.LoginPageTest" name="verifyingIsReturningCustomerHeaderTextTest" time="0.045"/>
  <testcase classname="com.qa.opencart.testcase.LoginPageTest" name="verifyForgotPswdExistsTest" time="0.051"/>
  <testcase classname="com.qa.opencart.testcase.LoginPageTest" name="verifyingIsRegisterAccountTextAvailableTest" time="0.048"/>
  <testcase classname="com.qa.opencart.testcase.LoginPageTest" name="validatingForgottenPswdLinkTest" time="3.157"/>
  <testcase classname="com.qa.opencart.testcase.LoginPageTest" name="validatingLoginPgContinueBtnTest" time="3.613"/>
  <testcase classname="com.qa.opencart.testcase.LoginPageTest" name="loginTest" time="7.946"/>
  <testcase classname="com.qa.opencart.testcase.MyAccountPageTest" name="verifyingMyAccountPgUrl" time="0.037"/>
  <testcase classname="com.qa.opencart.testcase.MyAccountPageTest" name="verifyingMyAccountPgTitle" time="0.011"/>
  <testcase classname="com.qa.opencart.testcase.MyAccountPageTest" name="verifyingSearchBoxExistsTest" time="0.053"/>
  <testcase classname="com.qa.opencart.testcase.MyAccountPageTest" name="verifyingLogoutExistsTest" time="2.37"/>
  <testcase classname="com.qa.opencart.testcase.MyAccountPageTest" name="verifyingMyAccMenuOptionList" time="2.346"/>
  <testcase classname="com.qa.opencart.testcase.MyAccountPageTest" name="verifyingMyAccHeaderList" time="0.086"/>
  <testcase classname="com.qa.opencart.testcase.MyAccountPageTest" name="productSearchTest" time="8.54"/>
  <testcase classname="com.qa.opencart.testcase.MyAccountPageTest" name="productSearchTest" time="8.351"/>
  <testcase classname="com.qa.opencart.testcase.MyAccountPageTest" name="productSearchTest" time="8.316"/>
  <testcase classname="com.qa.opencart.testcase.ProductsDetailsPageTest" name="productHeaderTest" time="5.255"/>
  <testcase classname="com.qa.opencart.testcase.ProductsDetailsPageTest" name="productHeaderTest" time="4.731"/>
  <testcase classname="com.qa.opencart.testcase.ProductsDetailsPageTest" name="productHeaderTest" time="4.631"/>
  <testcase classname="com.qa.opencart.testcase.ProductsDetailsPageTest" name="productHeaderTest" time="4.492"/>
  <testcase classname="com.qa.opencart.testcase.ProductsDetailsPageTest" name="productHeaderTest" time="4.711"/>
  <testcase classname="com.qa.opencart.testcase.ProductsDetailsPageTest" name="productImagesTest" time="4.189"/>
  <testcase classname="com.qa.opencart.testcase.ProductsDetailsPageTest" name="productImagesTest" time="4.07"/>
  <testcase classname="com.qa.opencart.testcase.ProductsDetailsPageTest" name="productImagesTest" time="4.018"/>
  <testcase classname="com.qa.opencart.testcase.ProductsDetailsPageTest" name="productImagesTest" time="4.109"/>
  <testcase classname="com.qa.opencart.testcase.ProductsDetailsPageTest" name="productImagesTest" time="4.269"/>
  <testcase classname="com.qa.opencart.testcase.ProductsDetailsPageTest" name="productMetaDataTest" time="4.158"/>
</testsuite> <!-- opencartTest -->
