<?xml version="1.0" encoding="UTF-8"?>
<testng-results ignored="0" total="48" passed="48" failed="0" skipped="0">
  <reporter-output>
  </reporter-output>
  <suite started-at="2023-02-11T15:36:31 IST" name="opencartSuite" finished-at="2023-02-11T15:48:08 IST" duration-ms="696890">
    <groups>
    </groups>
    <test started-at="2023-02-11T15:36:31 IST" name="opencartTest" finished-at="2023-02-11T15:48:08 IST" duration-ms="696890">
      <class name="com.qa.opencart.testcase.ProductsDetailsPageTest">
        <test-method is-config="true" signature="commonSetUp(java.lang.String)[pri:0, instance:com.qa.opencart.testcase.ProductsDetailsPageTest@30cecdca]" started-at="2023-02-11T15:45:58 IST" name="commonSetUp" finished-at="2023-02-11T15:46:05 IST" duration-ms="7388" status="PASS">
          <params>
            <param index="0">
              <value>
                <![CDATA[chrome]]>
              </value>
            </param>
          </params>
          <reporter-output>
          </reporter-output>
        </test-method> <!-- commonSetUp -->
        <test-method is-config="true" signature="beforeClass()[pri:0, instance:com.qa.opencart.testcase.ProductsDetailsPageTest@30cecdca]" started-at="2023-02-11T15:46:05 IST" name="beforeClass" finished-at="2023-02-11T15:46:20 IST" duration-ms="14224" status="PASS">
          <reporter-output>
          </reporter-output>
        </test-method> <!-- beforeClass -->
        <test-method is-config="true" signature="beforeMethod()[pri:0, instance:com.qa.opencart.testcase.ProductsDetailsPageTest@30cecdca]" started-at="2023-02-11T15:46:20 IST" name="beforeMethod" finished-at="2023-02-11T15:46:20 IST" duration-ms="9" status="PASS">
          <reporter-output>
          </reporter-output>
        </test-method> <!-- beforeMethod -->
        <test-method signature="productHeaderTest(java.lang.String,java.lang.String)[pri:0, instance:com.qa.opencart.testcase.ProductsDetailsPageTest@30cecdca]" started-at="2023-02-11T15:46:20 IST" name="productHeaderTest" data-provider="getProductsSearchData" finished-at="2023-02-11T15:46:31 IST" duration-ms="11656" status="PASS">
          <params>
            <param index="0">
              <value>
                <![CDATA[Macbook]]>
              </value>
            </param>
            <param index="1">
              <value>
                <![CDATA[MacBook Pro]]>
              </value>
            </param>
          </params>
          <reporter-output>
          </reporter-output>
        </test-method> <!-- productHeaderTest -->
        <test-method is-config="true" signature="beforeMethod()[pri:0, instance:com.qa.opencart.testcase.ProductsDetailsPageTest@30cecdca]" started-at="2023-02-11T15:46:32 IST" name="beforeMethod" finished-at="2023-02-11T15:46:32 IST" duration-ms="11" status="PASS">
          <reporter-output>
          </reporter-output>
        </test-method> <!-- beforeMethod -->
        <test-method signature="productHeaderTest(java.lang.String,java.lang.String)[pri:0, instance:com.qa.opencart.testcase.ProductsDetailsPageTest@30cecdca]" started-at="2023-02-11T15:46:32 IST" name="productHeaderTest" data-provider="getProductsSearchData" finished-at="2023-02-11T15:46:43 IST" duration-ms="11324" status="PASS">
          <params>
            <param index="0">
              <value>
                <![CDATA[Macbook]]>
              </value>
            </param>
            <param index="1">
              <value>
                <![CDATA[MacBook Air]]>
              </value>
            </param>
          </params>
          <reporter-output>
          </reporter-output>
        </test-method> <!-- productHeaderTest -->
        <test-method is-config="true" signature="beforeMethod()[pri:0, instance:com.qa.opencart.testcase.ProductsDetailsPageTest@30cecdca]" started-at="2023-02-11T15:46:43 IST" name="beforeMethod" finished-at="2023-02-11T15:46:43 IST" duration-ms="7" status="PASS">
          <reporter-output>
          </reporter-output>
        </test-method> <!-- beforeMethod -->
        <test-method signature="productHeaderTest(java.lang.String,java.lang.String)[pri:0, instance:com.qa.opencart.testcase.ProductsDetailsPageTest@30cecdca]" started-at="2023-02-11T15:46:43 IST" name="productHeaderTest" data-provider="getProductsSearchData" finished-at="2023-02-11T15:46:49 IST" duration-ms="6338" status="PASS">
          <params>
            <param index="0">
              <value>
                <![CDATA[imac]]>
              </value>
            </param>
            <param index="1">
              <value>
                <![CDATA[iMac]]>
              </value>
            </param>
          </params>
          <reporter-output>
          </reporter-output>
        </test-method> <!-- productHeaderTest -->
        <test-method is-config="true" signature="beforeMethod()[pri:0, instance:com.qa.opencart.testcase.ProductsDetailsPageTest@30cecdca]" started-at="2023-02-11T15:46:50 IST" name="beforeMethod" finished-at="2023-02-11T15:46:50 IST" duration-ms="14" status="PASS">
          <reporter-output>
          </reporter-output>
        </test-method> <!-- beforeMethod -->
        <test-method signature="productHeaderTest(java.lang.String,java.lang.String)[pri:0, instance:com.qa.opencart.testcase.ProductsDetailsPageTest@30cecdca]" started-at="2023-02-11T15:46:50 IST" name="productHeaderTest" data-provider="getProductsSearchData" finished-at="2023-02-11T15:46:57 IST" duration-ms="6876" status="PASS">
          <params>
            <param index="0">
              <value>
                <![CDATA[samsung]]>
              </value>
            </param>
            <param index="1">
              <value>
                <![CDATA[Samsung SyncMaster 941BW]]>
              </value>
            </param>
          </params>
          <reporter-output>
          </reporter-output>
        </test-method> <!-- productHeaderTest -->
        <test-method is-config="true" signature="beforeMethod()[pri:0, instance:com.qa.opencart.testcase.ProductsDetailsPageTest@30cecdca]" started-at="2023-02-11T15:46:57 IST" name="beforeMethod" finished-at="2023-02-11T15:46:57 IST" duration-ms="70" status="PASS">
          <reporter-output>
          </reporter-output>
        </test-method> <!-- beforeMethod -->
        <test-method signature="productHeaderTest(java.lang.String,java.lang.String)[pri:0, instance:com.qa.opencart.testcase.ProductsDetailsPageTest@30cecdca]" started-at="2023-02-11T15:46:57 IST" name="productHeaderTest" data-provider="getProductsSearchData" finished-at="2023-02-11T15:47:04 IST" duration-ms="6997" status="PASS">
          <params>
            <param index="0">
              <value>
                <![CDATA[Apple]]>
              </value>
            </param>
            <param index="1">
              <value>
                <![CDATA[Apple Cinema 30"]]>
              </value>
            </param>
          </params>
          <reporter-output>
          </reporter-output>
        </test-method> <!-- productHeaderTest -->
        <test-method is-config="true" signature="beforeMethod()[pri:0, instance:com.qa.opencart.testcase.ProductsDetailsPageTest@30cecdca]" started-at="2023-02-11T15:47:04 IST" name="beforeMethod" finished-at="2023-02-11T15:47:04 IST" duration-ms="10" status="PASS">
          <reporter-output>
          </reporter-output>
        </test-method> <!-- beforeMethod -->
        <test-method signature="productImagesTest(java.lang.String,java.lang.String,int)[pri:0, instance:com.qa.opencart.testcase.ProductsDetailsPageTest@30cecdca]" started-at="2023-02-11T15:47:04 IST" name="productImagesTest" data-provider="getProductsImageData" finished-at="2023-02-11T15:47:11 IST" duration-ms="6424" status="PASS">
          <params>
            <param index="0">
              <value>
                <![CDATA[Macbook]]>
              </value>
            </param>
            <param index="1">
              <value>
                <![CDATA[MacBook Pro]]>
              </value>
            </param>
            <param index="2">
              <value>
                <![CDATA[4]]>
              </value>
            </param>
          </params>
          <reporter-output>
          </reporter-output>
        </test-method> <!-- productImagesTest -->
        <test-method is-config="true" signature="beforeMethod()[pri:0, instance:com.qa.opencart.testcase.ProductsDetailsPageTest@30cecdca]" started-at="2023-02-11T15:47:11 IST" name="beforeMethod" finished-at="2023-02-11T15:47:11 IST" duration-ms="7" status="PASS">
          <reporter-output>
          </reporter-output>
        </test-method> <!-- beforeMethod -->
        <test-method signature="productImagesTest(java.lang.String,java.lang.String,int)[pri:0, instance:com.qa.opencart.testcase.ProductsDetailsPageTest@30cecdca]" started-at="2023-02-11T15:47:11 IST" name="productImagesTest" data-provider="getProductsImageData" finished-at="2023-02-11T15:47:19 IST" duration-ms="7827" status="PASS">
          <params>
            <param index="0">
              <value>
                <![CDATA[Macbook]]>
              </value>
            </param>
            <param index="1">
              <value>
                <![CDATA[MacBook Air]]>
              </value>
            </param>
            <param index="2">
              <value>
                <![CDATA[4]]>
              </value>
            </param>
          </params>
          <reporter-output>
          </reporter-output>
        </test-method> <!-- productImagesTest -->
        <test-method is-config="true" signature="beforeMethod()[pri:0, instance:com.qa.opencart.testcase.ProductsDetailsPageTest@30cecdca]" started-at="2023-02-11T15:47:19 IST" name="beforeMethod" finished-at="2023-02-11T15:47:19 IST" duration-ms="14" status="PASS">
          <reporter-output>
          </reporter-output>
        </test-method> <!-- beforeMethod -->
        <test-method signature="productImagesTest(java.lang.String,java.lang.String,int)[pri:0, instance:com.qa.opencart.testcase.ProductsDetailsPageTest@30cecdca]" started-at="2023-02-11T15:47:19 IST" name="productImagesTest" data-provider="getProductsImageData" finished-at="2023-02-11T15:47:26 IST" duration-ms="6782" status="PASS">
          <params>
            <param index="0">
              <value>
                <![CDATA[imac]]>
              </value>
            </param>
            <param index="1">
              <value>
                <![CDATA[iMac]]>
              </value>
            </param>
            <param index="2">
              <value>
                <![CDATA[3]]>
              </value>
            </param>
          </params>
          <reporter-output>
          </reporter-output>
        </test-method> <!-- productImagesTest -->
        <test-method is-config="true" signature="beforeMethod()[pri:0, instance:com.qa.opencart.testcase.ProductsDetailsPageTest@30cecdca]" started-at="2023-02-11T15:47:26 IST" name="beforeMethod" finished-at="2023-02-11T15:47:26 IST" duration-ms="5" status="PASS">
          <reporter-output>
          </reporter-output>
        </test-method> <!-- beforeMethod -->
        <test-method signature="productImagesTest(java.lang.String,java.lang.String,int)[pri:0, instance:com.qa.opencart.testcase.ProductsDetailsPageTest@30cecdca]" started-at="2023-02-11T15:47:26 IST" name="productImagesTest" data-provider="getProductsImageData" finished-at="2023-02-11T15:47:38 IST" duration-ms="11990" status="PASS">
          <params>
            <param index="0">
              <value>
                <![CDATA[samsung]]>
              </value>
            </param>
            <param index="1">
              <value>
                <![CDATA[Samsung SyncMaster 941BW]]>
              </value>
            </param>
            <param index="2">
              <value>
                <![CDATA[1]]>
              </value>
            </param>
          </params>
          <reporter-output>
          </reporter-output>
        </test-method> <!-- productImagesTest -->
        <test-method is-config="true" signature="beforeMethod()[pri:0, instance:com.qa.opencart.testcase.ProductsDetailsPageTest@30cecdca]" started-at="2023-02-11T15:47:38 IST" name="beforeMethod" finished-at="2023-02-11T15:47:38 IST" duration-ms="10" status="PASS">
          <reporter-output>
          </reporter-output>
        </test-method> <!-- beforeMethod -->
        <test-method signature="productImagesTest(java.lang.String,java.lang.String,int)[pri:0, instance:com.qa.opencart.testcase.ProductsDetailsPageTest@30cecdca]" started-at="2023-02-11T15:47:38 IST" name="productImagesTest" data-provider="getProductsImageData" finished-at="2023-02-11T15:47:48 IST" duration-ms="9872" status="PASS">
          <params>
            <param index="0">
              <value>
                <![CDATA[Apple]]>
              </value>
            </param>
            <param index="1">
              <value>
                <![CDATA[Apple Cinema 30"]]>
              </value>
            </param>
            <param index="2">
              <value>
                <![CDATA[6]]>
              </value>
            </param>
          </params>
          <reporter-output>
          </reporter-output>
        </test-method> <!-- productImagesTest -->
        <test-method is-config="true" signature="beforeMethod()[pri:0, instance:com.qa.opencart.testcase.ProductsDetailsPageTest@30cecdca]" started-at="2023-02-11T15:47:48 IST" name="beforeMethod" finished-at="2023-02-11T15:47:48 IST" duration-ms="8" status="PASS">
          <reporter-output>
          </reporter-output>
        </test-method> <!-- beforeMethod -->
        <test-method signature="productMetaDataTest()[pri:0, instance:com.qa.opencart.testcase.ProductsDetailsPageTest@30cecdca]" started-at="2023-02-11T15:47:48 IST" name="productMetaDataTest" finished-at="2023-02-11T15:47:57 IST" duration-ms="8911" status="PASS">
          <reporter-output>
          </reporter-output>
        </test-method> <!-- productMetaDataTest -->
        <test-method is-config="true" signature="afterClass()[pri:0, instance:com.qa.opencart.testcase.ProductsDetailsPageTest@30cecdca]" started-at="2023-02-11T15:47:58 IST" name="afterClass" finished-at="2023-02-11T15:48:08 IST" duration-ms="10087" status="PASS">
          <reporter-output>
          </reporter-output>
        </test-method> <!-- afterClass -->
        <test-method is-config="true" signature="commonTearDown()[pri:0, instance:com.qa.opencart.testcase.ProductsDetailsPageTest@30cecdca]" started-at="2023-02-11T15:48:08 IST" name="commonTearDown" finished-at="2023-02-11T15:48:08 IST" duration-ms="355" status="PASS">
          <reporter-output>
          </reporter-output>
        </test-method> <!-- commonTearDown -->
      </class> <!-- com.qa.opencart.testcase.ProductsDetailsPageTest -->
      <class name="com.qa.opencart.testcase.HomePageTest">
        <test-method is-config="true" signature="commonSetUp(java.lang.String)[pri:0, instance:com.qa.opencart.testcase.HomePageTest@21f9277b]" started-at="2023-02-11T15:36:31 IST" name="commonSetUp" finished-at="2023-02-11T15:36:44 IST" duration-ms="13049" status="PASS">
          <params>
            <param index="0">
              <value>
                <![CDATA[chrome]]>
              </value>
            </param>
          </params>
          <reporter-output>
          </reporter-output>
        </test-method> <!-- commonSetUp -->
        <test-method is-config="true" signature="beforeClass()[pri:0, instance:com.qa.opencart.testcase.HomePageTest@21f9277b]" started-at="2023-02-11T15:36:44 IST" name="beforeClass" finished-at="2023-02-11T15:36:44 IST" duration-ms="68" status="PASS">
          <reporter-output>
          </reporter-output>
        </test-method> <!-- beforeClass -->
        <test-method is-config="true" signature="beforeMethod()[pri:0, instance:com.qa.opencart.testcase.HomePageTest@21f9277b]" started-at="2023-02-11T15:36:44 IST" name="beforeMethod" finished-at="2023-02-11T15:36:44 IST" duration-ms="12" status="PASS">
          <reporter-output>
          </reporter-output>
        </test-method> <!-- beforeMethod -->
        <test-method signature="verifyOpenCartLogoTest()[pri:1, instance:com.qa.opencart.testcase.HomePageTest@21f9277b]" started-at="2023-02-11T15:36:45 IST" name="verifyOpenCartLogoTest" description="TC_01_Verifying the opencartLogo" finished-at="2023-02-11T15:36:45 IST" duration-ms="200" status="PASS">
          <reporter-output>
          </reporter-output>
        </test-method> <!-- verifyOpenCartLogoTest -->
        <test-method is-config="true" signature="afterMethod()[pri:0, instance:com.qa.opencart.testcase.HomePageTest@21f9277b]" started-at="2023-02-11T15:36:45 IST" name="afterMethod" finished-at="2023-02-11T15:36:45 IST" duration-ms="54" status="PASS">
          <reporter-output>
          </reporter-output>
        </test-method> <!-- afterMethod -->
        <test-method is-config="true" signature="beforeMethod()[pri:0, instance:com.qa.opencart.testcase.HomePageTest@21f9277b]" started-at="2023-02-11T15:36:45 IST" name="beforeMethod" finished-at="2023-02-11T15:36:45 IST" duration-ms="13" status="PASS">
          <reporter-output>
          </reporter-output>
        </test-method> <!-- beforeMethod -->
        <test-method signature="verifyOpenCartTitleTest()[pri:2, instance:com.qa.opencart.testcase.HomePageTest@21f9277b]" started-at="2023-02-11T15:36:45 IST" name="verifyOpenCartTitleTest" description="TC_02_Verifying the opencart Title" finished-at="2023-02-11T15:36:45 IST" duration-ms="18" status="PASS">
          <reporter-output>
          </reporter-output>
        </test-method> <!-- verifyOpenCartTitleTest -->
        <test-method is-config="true" signature="afterMethod()[pri:0, instance:com.qa.opencart.testcase.HomePageTest@21f9277b]" started-at="2023-02-11T15:36:45 IST" name="afterMethod" finished-at="2023-02-11T15:36:46 IST" duration-ms="28" status="PASS">
          <reporter-output>
          </reporter-output>
        </test-method> <!-- afterMethod -->
        <test-method is-config="true" signature="beforeMethod()[pri:0, instance:com.qa.opencart.testcase.HomePageTest@21f9277b]" started-at="2023-02-11T15:36:46 IST" name="beforeMethod" finished-at="2023-02-11T15:36:46 IST" duration-ms="15" status="PASS">
          <reporter-output>
          </reporter-output>
        </test-method> <!-- beforeMethod -->
        <test-method signature="navigateToRegistrationPageTest()[pri:3, instance:com.qa.opencart.testcase.HomePageTest@21f9277b]" started-at="2023-02-11T15:36:46 IST" name="navigateToRegistrationPageTest" description="TC_03_navigate to registration page" finished-at="2023-02-11T15:36:53 IST" duration-ms="7424" status="PASS">
          <reporter-output>
          </reporter-output>
        </test-method> <!-- navigateToRegistrationPageTest -->
        <test-method is-config="true" signature="afterMethod()[pri:0, instance:com.qa.opencart.testcase.HomePageTest@21f9277b]" started-at="2023-02-11T15:36:53 IST" name="afterMethod" finished-at="2023-02-11T15:36:53 IST" duration-ms="21" status="PASS">
          <reporter-output>
          </reporter-output>
        </test-method> <!-- afterMethod -->
        <test-method is-config="true" signature="beforeMethod()[pri:0, instance:com.qa.opencart.testcase.HomePageTest@21f9277b]" started-at="2023-02-11T15:36:53 IST" name="beforeMethod" finished-at="2023-02-11T15:36:53 IST" duration-ms="10" status="PASS">
          <reporter-output>
          </reporter-output>
        </test-method> <!-- beforeMethod -->
        <test-method signature="navigateToLoginPageTest()[pri:4, instance:com.qa.opencart.testcase.HomePageTest@21f9277b]" started-at="2023-02-11T15:36:53 IST" name="navigateToLoginPageTest" description="TC_04_navigate to login page" finished-at="2023-02-11T15:37:00 IST" duration-ms="6432" status="PASS">
          <reporter-output>
          </reporter-output>
        </test-method> <!-- navigateToLoginPageTest -->
        <test-method is-config="true" signature="afterMethod()[pri:0, instance:com.qa.opencart.testcase.HomePageTest@21f9277b]" started-at="2023-02-11T15:37:00 IST" name="afterMethod" finished-at="2023-02-11T15:37:00 IST" duration-ms="19" status="PASS">
          <reporter-output>
          </reporter-output>
        </test-method> <!-- afterMethod -->
        <test-method is-config="true" signature="commonTearDown()[pri:0, instance:com.qa.opencart.testcase.HomePageTest@21f9277b]" started-at="2023-02-11T15:37:00 IST" name="commonTearDown" finished-at="2023-02-11T15:37:00 IST" duration-ms="297" status="PASS">
          <reporter-output>
          </reporter-output>
        </test-method> <!-- commonTearDown -->
      </class> <!-- com.qa.opencart.testcase.HomePageTest -->
      <class name="com.qa.opencart.testcase.MyAccountPageTest">
        <test-method is-config="true" signature="commonSetUp(java.lang.String)[pri:0, instance:com.qa.opencart.testcase.MyAccountPageTest@1e6308a9]" started-at="2023-02-11T15:44:51 IST" name="commonSetUp" finished-at="2023-02-11T15:44:58 IST" duration-ms="6758" status="PASS">
          <params>
            <param index="0">
              <value>
                <![CDATA[chrome]]>
              </value>
            </param>
          </params>
          <reporter-output>
          </reporter-output>
        </test-method> <!-- commonSetUp -->
        <test-method is-config="true" signature="beforeClass()[pri:0, instance:com.qa.opencart.testcase.MyAccountPageTest@1e6308a9]" started-at="2023-02-11T15:44:58 IST" name="beforeClass" finished-at="2023-02-11T15:45:11 IST" duration-ms="13594" status="PASS">
          <reporter-output>
          </reporter-output>
        </test-method> <!-- beforeClass -->
        <test-method is-config="true" signature="beforeMethod()[pri:0, instance:com.qa.opencart.testcase.MyAccountPageTest@1e6308a9]" started-at="2023-02-11T15:45:11 IST" name="beforeMethod" finished-at="2023-02-11T15:45:11 IST" duration-ms="1" status="PASS">
          <reporter-output>
          </reporter-output>
        </test-method> <!-- beforeMethod -->
        <test-method signature="verifyingMyAccountPgUrl()[pri:1, instance:com.qa.opencart.testcase.MyAccountPageTest@1e6308a9]" started-at="2023-02-11T15:45:11 IST" name="verifyingMyAccountPgUrl" description="TC_01_verifying MyAccount Page Url" finished-at="2023-02-11T15:45:11 IST" duration-ms="18" status="PASS">
          <reporter-output>
          </reporter-output>
        </test-method> <!-- verifyingMyAccountPgUrl -->
        <test-method is-config="true" signature="beforeMethod()[pri:0, instance:com.qa.opencart.testcase.MyAccountPageTest@1e6308a9]" started-at="2023-02-11T15:45:12 IST" name="beforeMethod" finished-at="2023-02-11T15:45:12 IST" duration-ms="1" status="PASS">
          <reporter-output>
          </reporter-output>
        </test-method> <!-- beforeMethod -->
        <test-method signature="verifyingMyAccountPgTitle()[pri:2, instance:com.qa.opencart.testcase.MyAccountPageTest@1e6308a9]" started-at="2023-02-11T15:45:12 IST" name="verifyingMyAccountPgTitle" description="TC_02_verifying my account page title" finished-at="2023-02-11T15:45:12 IST" duration-ms="10" status="PASS">
          <reporter-output>
          </reporter-output>
        </test-method> <!-- verifyingMyAccountPgTitle -->
        <test-method is-config="true" signature="beforeMethod()[pri:0, instance:com.qa.opencart.testcase.MyAccountPageTest@1e6308a9]" started-at="2023-02-11T15:45:12 IST" name="beforeMethod" finished-at="2023-02-11T15:45:12 IST" duration-ms="1" status="PASS">
          <reporter-output>
          </reporter-output>
        </test-method> <!-- beforeMethod -->
        <test-method signature="verifyingSearchBoxExistsTest()[pri:3, instance:com.qa.opencart.testcase.MyAccountPageTest@1e6308a9]" started-at="2023-02-11T15:45:12 IST" name="verifyingSearchBoxExistsTest" description="TC_03_Verifying search box exists or not" finished-at="2023-02-11T15:45:12 IST" duration-ms="51" status="PASS">
          <reporter-output>
          </reporter-output>
        </test-method> <!-- verifyingSearchBoxExistsTest -->
        <test-method is-config="true" signature="beforeMethod()[pri:0, instance:com.qa.opencart.testcase.MyAccountPageTest@1e6308a9]" started-at="2023-02-11T15:45:12 IST" name="beforeMethod" finished-at="2023-02-11T15:45:12 IST" duration-ms="1" status="PASS">
          <reporter-output>
          </reporter-output>
        </test-method> <!-- beforeMethod -->
        <test-method signature="verifyingLogoutExistsTest()[pri:4, instance:com.qa.opencart.testcase.MyAccountPageTest@1e6308a9]" started-at="2023-02-11T15:45:12 IST" name="verifyingLogoutExistsTest" description="TC_04_verifying Logout link Exists or not" finished-at="2023-02-11T15:45:14 IST" duration-ms="2280" status="PASS">
          <reporter-output>
          </reporter-output>
        </test-method> <!-- verifyingLogoutExistsTest -->
        <test-method is-config="true" signature="beforeMethod()[pri:0, instance:com.qa.opencart.testcase.MyAccountPageTest@1e6308a9]" started-at="2023-02-11T15:45:14 IST" name="beforeMethod" finished-at="2023-02-11T15:45:14 IST" duration-ms="1" status="PASS">
          <reporter-output>
          </reporter-output>
        </test-method> <!-- beforeMethod -->
        <test-method signature="verifyingMyAccMenuOptionList()[pri:5, instance:com.qa.opencart.testcase.MyAccountPageTest@1e6308a9]" started-at="2023-02-11T15:45:14 IST" name="verifyingMyAccMenuOptionList" description="TC_05_Verifying MyAccMenuOptionList" finished-at="2023-02-11T15:45:17 IST" duration-ms="2316" status="PASS">
          <reporter-output>
          </reporter-output>
        </test-method> <!-- verifyingMyAccMenuOptionList -->
        <test-method is-config="true" signature="beforeMethod()[pri:0, instance:com.qa.opencart.testcase.MyAccountPageTest@1e6308a9]" started-at="2023-02-11T15:45:17 IST" name="beforeMethod" finished-at="2023-02-11T15:45:17 IST" duration-ms="2" status="PASS">
          <reporter-output>
          </reporter-output>
        </test-method> <!-- beforeMethod -->
        <test-method signature="verifyingMyAccHeaderList()[pri:6, instance:com.qa.opencart.testcase.MyAccountPageTest@1e6308a9]" started-at="2023-02-11T15:45:17 IST" name="verifyingMyAccHeaderList" description="TC_06_Verifying MyAccHeaderList" finished-at="2023-02-11T15:45:17 IST" duration-ms="96" status="PASS">
          <reporter-output>
          </reporter-output>
        </test-method> <!-- verifyingMyAccHeaderList -->
        <test-method is-config="true" signature="beforeMethod()[pri:0, instance:com.qa.opencart.testcase.MyAccountPageTest@1e6308a9]" started-at="2023-02-11T15:45:17 IST" name="beforeMethod" finished-at="2023-02-11T15:45:17 IST" duration-ms="2" status="PASS">
          <reporter-output>
          </reporter-output>
        </test-method> <!-- beforeMethod -->
        <test-method signature="productSearchTest(java.lang.String)[pri:7, instance:com.qa.opencart.testcase.MyAccountPageTest@1e6308a9]" started-at="2023-02-11T15:45:17 IST" name="productSearchTest" description="TC_07_validating product search" data-provider="products" finished-at="2023-02-11T15:45:26 IST" duration-ms="9376" status="PASS">
          <params>
            <param index="0">
              <value>
                <![CDATA[iMac]]>
              </value>
            </param>
          </params>
          <reporter-output>
          </reporter-output>
        </test-method> <!-- productSearchTest -->
        <test-method is-config="true" signature="beforeMethod()[pri:0, instance:com.qa.opencart.testcase.MyAccountPageTest@1e6308a9]" started-at="2023-02-11T15:45:27 IST" name="beforeMethod" finished-at="2023-02-11T15:45:27 IST" duration-ms="0" status="PASS">
          <reporter-output>
          </reporter-output>
        </test-method> <!-- beforeMethod -->
        <test-method signature="productSearchTest(java.lang.String)[pri:7, instance:com.qa.opencart.testcase.MyAccountPageTest@1e6308a9]" started-at="2023-02-11T15:45:27 IST" name="productSearchTest" description="TC_07_validating product search" data-provider="products" finished-at="2023-02-11T15:45:38 IST" duration-ms="11177" status="PASS">
          <params>
            <param index="0">
              <value>
                <![CDATA[Samsung]]>
              </value>
            </param>
          </params>
          <reporter-output>
          </reporter-output>
        </test-method> <!-- productSearchTest -->
        <test-method is-config="true" signature="beforeMethod()[pri:0, instance:com.qa.opencart.testcase.MyAccountPageTest@1e6308a9]" started-at="2023-02-11T15:45:38 IST" name="beforeMethod" finished-at="2023-02-11T15:45:38 IST" duration-ms="0" status="PASS">
          <reporter-output>
          </reporter-output>
        </test-method> <!-- beforeMethod -->
        <test-method signature="productSearchTest(java.lang.String)[pri:7, instance:com.qa.opencart.testcase.MyAccountPageTest@1e6308a9]" started-at="2023-02-11T15:45:38 IST" name="productSearchTest" description="TC_07_validating product search" data-provider="products" finished-at="2023-02-11T15:45:48 IST" duration-ms="10335" status="PASS">
          <params>
            <param index="0">
              <value>
                <![CDATA[MacBook]]>
              </value>
            </param>
          </params>
          <reporter-output>
          </reporter-output>
        </test-method> <!-- productSearchTest -->
        <test-method is-config="true" signature="afterClass()[pri:0, instance:com.qa.opencart.testcase.MyAccountPageTest@1e6308a9]" started-at="2023-02-11T15:45:49 IST" name="afterClass" finished-at="2023-02-11T15:45:58 IST" duration-ms="9043" status="PASS">
          <reporter-output>
          </reporter-output>
        </test-method> <!-- afterClass -->
        <test-method is-config="true" signature="commonTearDown()[pri:0, instance:com.qa.opencart.testcase.MyAccountPageTest@1e6308a9]" started-at="2023-02-11T15:45:58 IST" name="commonTearDown" finished-at="2023-02-11T15:45:58 IST" duration-ms="305" status="PASS">
          <reporter-output>
          </reporter-output>
        </test-method> <!-- commonTearDown -->
      </class> <!-- com.qa.opencart.testcase.MyAccountPageTest -->
      <class name="com.qa.opencart.testcase.ForgotPswdPageTest">
        <test-method is-config="true" signature="commonSetUp(java.lang.String)[pri:0, instance:com.qa.opencart.testcase.ForgotPswdPageTest@4aac85fa]" started-at="2023-02-11T15:43:10 IST" name="commonSetUp" finished-at="2023-02-11T15:43:17 IST" duration-ms="6299" status="PASS">
          <params>
            <param index="0">
              <value>
                <![CDATA[chrome]]>
              </value>
            </param>
          </params>
          <reporter-output>
          </reporter-output>
        </test-method> <!-- commonSetUp -->
        <test-method is-config="true" signature="beforeClass()[pri:0, instance:com.qa.opencart.testcase.ForgotPswdPageTest@4aac85fa]" started-at="2023-02-11T15:43:17 IST" name="beforeClass" finished-at="2023-02-11T15:43:22 IST" duration-ms="5291" status="PASS">
          <reporter-output>
          </reporter-output>
        </test-method> <!-- beforeClass -->
        <test-method is-config="true" signature="beforeMethod()[pri:0, instance:com.qa.opencart.testcase.ForgotPswdPageTest@4aac85fa]" started-at="2023-02-11T15:43:22 IST" name="beforeMethod" finished-at="2023-02-11T15:43:25 IST" duration-ms="2844" status="PASS">
          <reporter-output>
          </reporter-output>
        </test-method> <!-- beforeMethod -->
        <test-method signature="verifyIsForgotYourPswdHeaderTxtAvailableTest()[pri:1, instance:com.qa.opencart.testcase.ForgotPswdPageTest@4aac85fa]" started-at="2023-02-11T15:43:25 IST" name="verifyIsForgotYourPswdHeaderTxtAvailableTest" description="TC_01_verifying isForgotYourPswdHeaderTxtAvailable" finished-at="2023-02-11T15:43:25 IST" duration-ms="52" status="PASS">
          <reporter-output>
          </reporter-output>
        </test-method> <!-- verifyIsForgotYourPswdHeaderTxtAvailableTest -->
        <test-method is-config="true" signature="afterMethod()[pri:0, instance:com.qa.opencart.testcase.ForgotPswdPageTest@4aac85fa]" started-at="2023-02-11T15:43:25 IST" name="afterMethod" finished-at="2023-02-11T15:43:25 IST" duration-ms="0" status="PASS">
          <reporter-output>
          </reporter-output>
        </test-method> <!-- afterMethod -->
        <test-method is-config="true" signature="beforeMethod()[pri:0, instance:com.qa.opencart.testcase.ForgotPswdPageTest@4aac85fa]" started-at="2023-02-11T15:43:25 IST" name="beforeMethod" finished-at="2023-02-11T15:43:28 IST" duration-ms="2830" status="PASS">
          <reporter-output>
          </reporter-output>
        </test-method> <!-- beforeMethod -->
        <test-method signature="verifyIsYourEmailAddrTxtAvailableTest()[pri:2, instance:com.qa.opencart.testcase.ForgotPswdPageTest@4aac85fa]" started-at="2023-02-11T15:43:28 IST" name="verifyIsYourEmailAddrTxtAvailableTest" description="TC_02_verifying is Your EmailAddrTxtAvailable" finished-at="2023-02-11T15:43:28 IST" duration-ms="58" status="PASS">
          <reporter-output>
          </reporter-output>
        </test-method> <!-- verifyIsYourEmailAddrTxtAvailableTest -->
        <test-method is-config="true" signature="afterMethod()[pri:0, instance:com.qa.opencart.testcase.ForgotPswdPageTest@4aac85fa]" started-at="2023-02-11T15:43:28 IST" name="afterMethod" finished-at="2023-02-11T15:43:28 IST" duration-ms="0" status="PASS">
          <reporter-output>
          </reporter-output>
        </test-method> <!-- afterMethod -->
        <test-method is-config="true" signature="beforeMethod()[pri:0, instance:com.qa.opencart.testcase.ForgotPswdPageTest@4aac85fa]" started-at="2023-02-11T15:43:28 IST" name="beforeMethod" finished-at="2023-02-11T15:43:31 IST" duration-ms="2832" status="PASS">
          <reporter-output>
          </reporter-output>
        </test-method> <!-- beforeMethod -->
        <test-method signature="setRandomEmailTest()[pri:3, instance:com.qa.opencart.testcase.ForgotPswdPageTest@4aac85fa]" started-at="2023-02-11T15:43:31 IST" name="setRandomEmailTest" description="TC_03_positive case" finished-at="2023-02-11T15:43:42 IST" duration-ms="11095" status="PASS">
          <reporter-output>
          </reporter-output>
        </test-method> <!-- setRandomEmailTest -->
        <test-method is-config="true" signature="afterMethod()[pri:0, instance:com.qa.opencart.testcase.ForgotPswdPageTest@4aac85fa]" started-at="2023-02-11T15:43:42 IST" name="afterMethod" finished-at="2023-02-11T15:43:42 IST" duration-ms="2" status="PASS">
          <reporter-output>
          </reporter-output>
        </test-method> <!-- afterMethod -->
        <test-method is-config="true" signature="beforeMethod()[pri:0, instance:com.qa.opencart.testcase.ForgotPswdPageTest@4aac85fa]" started-at="2023-02-11T15:43:42 IST" name="beforeMethod" finished-at="2023-02-11T15:43:45 IST" duration-ms="3018" status="PASS">
          <reporter-output>
          </reporter-output>
        </test-method> <!-- beforeMethod -->
        <test-method signature="withoutFillingEmailTest()[pri:4, instance:com.qa.opencart.testcase.ForgotPswdPageTest@4aac85fa]" started-at="2023-02-11T15:43:45 IST" name="withoutFillingEmailTest" description="TC_04_Validating continue button" finished-at="2023-02-11T15:43:53 IST" duration-ms="7963" status="PASS">
          <reporter-output>
          </reporter-output>
        </test-method> <!-- withoutFillingEmailTest -->
        <test-method is-config="true" signature="afterMethod()[pri:0, instance:com.qa.opencart.testcase.ForgotPswdPageTest@4aac85fa]" started-at="2023-02-11T15:43:54 IST" name="afterMethod" finished-at="2023-02-11T15:43:54 IST" duration-ms="1" status="PASS">
          <reporter-output>
          </reporter-output>
        </test-method> <!-- afterMethod -->
        <test-method is-config="true" signature="beforeMethod()[pri:0, instance:com.qa.opencart.testcase.ForgotPswdPageTest@4aac85fa]" started-at="2023-02-11T15:43:54 IST" name="beforeMethod" finished-at="2023-02-11T15:43:57 IST" duration-ms="2823" status="PASS">
          <reporter-output>
          </reporter-output>
        </test-method> <!-- beforeMethod -->
        <test-method signature="validatingBackLinkTest()[pri:5, instance:com.qa.opencart.testcase.ForgotPswdPageTest@4aac85fa]" started-at="2023-02-11T15:43:57 IST" name="validatingBackLinkTest" description="TC_05_validating back link" finished-at="2023-02-11T15:43:59 IST" duration-ms="2904" status="PASS">
          <reporter-output>
          </reporter-output>
        </test-method> <!-- validatingBackLinkTest -->
        <test-method is-config="true" signature="afterMethod()[pri:0, instance:com.qa.opencart.testcase.ForgotPswdPageTest@4aac85fa]" started-at="2023-02-11T15:44:00 IST" name="afterMethod" finished-at="2023-02-11T15:44:00 IST" duration-ms="0" status="PASS">
          <reporter-output>
          </reporter-output>
        </test-method> <!-- afterMethod -->
        <test-method is-config="true" signature="beforeMethod()[pri:0, instance:com.qa.opencart.testcase.ForgotPswdPageTest@4aac85fa]" started-at="2023-02-11T15:44:00 IST" name="beforeMethod" finished-at="2023-02-11T15:44:03 IST" duration-ms="3005" status="PASS">
          <reporter-output>
          </reporter-output>
        </test-method> <!-- beforeMethod -->
        <test-method signature="navigatingToForgotPswdPgFromRegPgTest()[pri:6, instance:com.qa.opencart.testcase.ForgotPswdPageTest@4aac85fa]" started-at="2023-02-11T15:44:03 IST" name="navigatingToForgotPswdPgFromRegPgTest" description="TC_06_click on forgotPswdLink from register page" finished-at="2023-02-11T15:44:11 IST" duration-ms="8060" status="PASS">
          <reporter-output>
          </reporter-output>
        </test-method> <!-- navigatingToForgotPswdPgFromRegPgTest -->
        <test-method is-config="true" signature="afterMethod()[pri:0, instance:com.qa.opencart.testcase.ForgotPswdPageTest@4aac85fa]" started-at="2023-02-11T15:44:11 IST" name="afterMethod" finished-at="2023-02-11T15:44:11 IST" duration-ms="1" status="PASS">
          <reporter-output>
          </reporter-output>
        </test-method> <!-- afterMethod -->
        <test-method is-config="true" signature="commonTearDown()[pri:0, instance:com.qa.opencart.testcase.ForgotPswdPageTest@4aac85fa]" started-at="2023-02-11T15:44:11 IST" name="commonTearDown" finished-at="2023-02-11T15:44:11 IST" duration-ms="265" status="PASS">
          <reporter-output>
          </reporter-output>
        </test-method> <!-- commonTearDown -->
      </class> <!-- com.qa.opencart.testcase.ForgotPswdPageTest -->
      <class name="com.qa.opencart.testcase.LoginPageTest">
        <test-method is-config="true" signature="commonSetUp(java.lang.String)[pri:0, instance:com.qa.opencart.testcase.LoginPageTest@21fff664]" started-at="2023-02-11T15:44:11 IST" name="commonSetUp" finished-at="2023-02-11T15:44:17 IST" duration-ms="6020" status="PASS">
          <params>
            <param index="0">
              <value>
                <![CDATA[chrome]]>
              </value>
            </param>
          </params>
          <reporter-output>
          </reporter-output>
        </test-method> <!-- commonSetUp -->
        <test-method is-config="true" signature="beforeClass()[pri:0, instance:com.qa.opencart.testcase.LoginPageTest@21fff664]" started-at="2023-02-11T15:44:17 IST" name="beforeClass" finished-at="2023-02-11T15:44:23 IST" duration-ms="5364" status="PASS">
          <reporter-output>
          </reporter-output>
        </test-method> <!-- beforeClass -->
        <test-method is-config="true" signature="beforeMethod()[pri:0, instance:com.qa.opencart.testcase.LoginPageTest@21fff664]" started-at="2023-02-11T15:44:23 IST" name="beforeMethod" finished-at="2023-02-11T15:44:23 IST" duration-ms="43" status="PASS">
          <reporter-output>
          </reporter-output>
        </test-method> <!-- beforeMethod -->
        <test-method signature="verifyLoginPgTitleTest()[pri:1, instance:com.qa.opencart.testcase.LoginPageTest@21fff664]" started-at="2023-02-11T15:44:23 IST" name="verifyLoginPgTitleTest" description="TC_01_verifying LoginPg title" finished-at="2023-02-11T15:44:23 IST" duration-ms="11" status="PASS">
          <reporter-output>
          </reporter-output>
        </test-method> <!-- verifyLoginPgTitleTest -->
        <test-method is-config="true" signature="beforeMethod()[pri:0, instance:com.qa.opencart.testcase.LoginPageTest@21fff664]" started-at="2023-02-11T15:44:23 IST" name="beforeMethod" finished-at="2023-02-11T15:44:23 IST" duration-ms="9" status="PASS">
          <reporter-output>
          </reporter-output>
        </test-method> <!-- beforeMethod -->
        <test-method signature="verifyLoginPgUrlTest()[pri:2, instance:com.qa.opencart.testcase.LoginPageTest@21fff664]" started-at="2023-02-11T15:44:23 IST" name="verifyLoginPgUrlTest" description="TC_02_verifying LoginPage Url" finished-at="2023-02-11T15:44:23 IST" duration-ms="17" status="PASS">
          <reporter-output>
          </reporter-output>
        </test-method> <!-- verifyLoginPgUrlTest -->
        <test-method is-config="true" signature="beforeMethod()[pri:0, instance:com.qa.opencart.testcase.LoginPageTest@21fff664]" started-at="2023-02-11T15:44:23 IST" name="beforeMethod" finished-at="2023-02-11T15:44:23 IST" duration-ms="6" status="PASS">
          <reporter-output>
          </reporter-output>
        </test-method> <!-- beforeMethod -->
        <test-method signature="verifyingIsNewCustomerHeaderTextAvailableTest()[pri:3, instance:com.qa.opencart.testcase.LoginPageTest@21fff664]" started-at="2023-02-11T15:44:23 IST" name="verifyingIsNewCustomerHeaderTextAvailableTest" description="TC_03_verifying NewCustomer Header Text Available" finished-at="2023-02-11T15:44:23 IST" duration-ms="72" status="PASS">
          <reporter-output>
          </reporter-output>
        </test-method> <!-- verifyingIsNewCustomerHeaderTextAvailableTest -->
        <test-method is-config="true" signature="beforeMethod()[pri:0, instance:com.qa.opencart.testcase.LoginPageTest@21fff664]" started-at="2023-02-11T15:44:24 IST" name="beforeMethod" finished-at="2023-02-11T15:44:24 IST" duration-ms="6" status="PASS">
          <reporter-output>
          </reporter-output>
        </test-method> <!-- beforeMethod -->
        <test-method signature="verifyingIsReturningCustomerHeaderTextTest()[pri:4, instance:com.qa.opencart.testcase.LoginPageTest@21fff664]" started-at="2023-02-11T15:44:24 IST" name="verifyingIsReturningCustomerHeaderTextTest" description="TC_04_verifying Returning Customer HeaderText" finished-at="2023-02-11T15:44:24 IST" duration-ms="48" status="PASS">
          <reporter-output>
          </reporter-output>
        </test-method> <!-- verifyingIsReturningCustomerHeaderTextTest -->
        <test-method is-config="true" signature="beforeMethod()[pri:0, instance:com.qa.opencart.testcase.LoginPageTest@21fff664]" started-at="2023-02-11T15:44:24 IST" name="beforeMethod" finished-at="2023-02-11T15:44:24 IST" duration-ms="6" status="PASS">
          <reporter-output>
          </reporter-output>
        </test-method> <!-- beforeMethod -->
        <test-method signature="verifyForgotPswdExistsTest()[pri:5, instance:com.qa.opencart.testcase.LoginPageTest@21fff664]" started-at="2023-02-11T15:44:24 IST" name="verifyForgotPswdExistsTest" description="TC_05_verifying ForgotPswdExists" finished-at="2023-02-11T15:44:24 IST" duration-ms="49" status="PASS">
          <reporter-output>
          </reporter-output>
        </test-method> <!-- verifyForgotPswdExistsTest -->
        <test-method is-config="true" signature="beforeMethod()[pri:0, instance:com.qa.opencart.testcase.LoginPageTest@21fff664]" started-at="2023-02-11T15:44:24 IST" name="beforeMethod" finished-at="2023-02-11T15:44:24 IST" duration-ms="5" status="PASS">
          <reporter-output>
          </reporter-output>
        </test-method> <!-- beforeMethod -->
        <test-method signature="verifyingIsRegisterAccountTextAvailableTest()[pri:6, instance:com.qa.opencart.testcase.LoginPageTest@21fff664]" started-at="2023-02-11T15:44:24 IST" name="verifyingIsRegisterAccountTextAvailableTest" description="TC_06_verifying RegisterAccountTextAvailable" finished-at="2023-02-11T15:44:24 IST" duration-ms="63" status="PASS">
          <reporter-output>
          </reporter-output>
        </test-method> <!-- verifyingIsRegisterAccountTextAvailableTest -->
        <test-method is-config="true" signature="beforeMethod()[pri:0, instance:com.qa.opencart.testcase.LoginPageTest@21fff664]" started-at="2023-02-11T15:44:24 IST" name="beforeMethod" finished-at="2023-02-11T15:44:24 IST" duration-ms="5" status="PASS">
          <reporter-output>
          </reporter-output>
        </test-method> <!-- beforeMethod -->
        <test-method signature="validatingForgottenPswdLinkTest()[pri:7, instance:com.qa.opencart.testcase.LoginPageTest@21fff664]" started-at="2023-02-11T15:44:24 IST" name="validatingForgottenPswdLinkTest" description="TC_07_validatingForgottenPswdLinkTest" finished-at="2023-02-11T15:44:28 IST" duration-ms="3425" status="PASS">
          <reporter-output>
          </reporter-output>
        </test-method> <!-- validatingForgottenPswdLinkTest -->
        <test-method is-config="true" signature="beforeMethod()[pri:0, instance:com.qa.opencart.testcase.LoginPageTest@21fff664]" started-at="2023-02-11T15:44:28 IST" name="beforeMethod" finished-at="2023-02-11T15:44:28 IST" duration-ms="7" status="PASS">
          <reporter-output>
          </reporter-output>
        </test-method> <!-- beforeMethod -->
        <test-method signature="validatingLoginPgContinueBtnTest()[pri:8, instance:com.qa.opencart.testcase.LoginPageTest@21fff664]" started-at="2023-02-11T15:44:28 IST" name="validatingLoginPgContinueBtnTest" description="TC_08_validatingForgottenPswdLinkTest" finished-at="2023-02-11T15:44:33 IST" duration-ms="4872" status="PASS">
          <reporter-output>
          </reporter-output>
        </test-method> <!-- validatingLoginPgContinueBtnTest -->
        <test-method is-config="true" signature="beforeMethod()[pri:0, instance:com.qa.opencart.testcase.LoginPageTest@21fff664]" started-at="2023-02-11T15:44:33 IST" name="beforeMethod" finished-at="2023-02-11T15:44:33 IST" duration-ms="6" status="PASS">
          <reporter-output>
          </reporter-output>
        </test-method> <!-- beforeMethod -->
        <test-method signature="loginTest()[pri:9, instance:com.qa.opencart.testcase.LoginPageTest@21fff664]" started-at="2023-02-11T15:44:33 IST" name="loginTest" description="TC_09_login to the open cart page" finished-at="2023-02-11T15:44:42 IST" duration-ms="8637" status="PASS">
          <reporter-output>
          </reporter-output>
        </test-method> <!-- loginTest -->
        <test-method is-config="true" signature="afterClass()[pri:0, instance:com.qa.opencart.testcase.LoginPageTest@21fff664]" started-at="2023-02-11T15:44:42 IST" name="afterClass" finished-at="2023-02-11T15:44:51 IST" duration-ms="8877" status="PASS">
          <reporter-output>
          </reporter-output>
        </test-method> <!-- afterClass -->
        <test-method is-config="true" signature="commonTearDown()[pri:0, instance:com.qa.opencart.testcase.LoginPageTest@21fff664]" started-at="2023-02-11T15:44:51 IST" name="commonTearDown" finished-at="2023-02-11T15:44:51 IST" duration-ms="315" status="PASS">
          <reporter-output>
          </reporter-output>
        </test-method> <!-- commonTearDown -->
      </class> <!-- com.qa.opencart.testcase.LoginPageTest -->
      <class name="com.qa.opencart.testcase.RegistrationPageTest">
        <test-method is-config="true" signature="commonSetUp(java.lang.String)[pri:0, instance:com.qa.opencart.testcase.RegistrationPageTest@66bfd864]" started-at="2023-02-11T15:37:00 IST" name="commonSetUp" finished-at="2023-02-11T15:37:08 IST" duration-ms="7914" status="PASS">
          <params>
            <param index="0">
              <value>
                <![CDATA[chrome]]>
              </value>
            </param>
          </params>
          <reporter-output>
          </reporter-output>
        </test-method> <!-- commonSetUp -->
        <test-method is-config="true" signature="beforeClass()[pri:0, instance:com.qa.opencart.testcase.RegistrationPageTest@66bfd864]" started-at="2023-02-11T15:37:08 IST" name="beforeClass" finished-at="2023-02-11T15:37:08 IST" duration-ms="21" status="PASS">
          <reporter-output>
          </reporter-output>
        </test-method> <!-- beforeClass -->
        <test-method is-config="true" signature="setupRegData()[pri:0, instance:com.qa.opencart.testcase.RegistrationPageTest@66bfd864]" started-at="2023-02-11T15:37:08 IST" name="setupRegData" finished-at="2023-02-11T15:37:11 IST" duration-ms="2955" status="PASS">
          <reporter-output>
          </reporter-output>
        </test-method> <!-- setupRegData -->
        <test-method is-config="true" signature="preCondition()[pri:0, instance:com.qa.opencart.testcase.RegistrationPageTest@66bfd864]" started-at="2023-02-11T15:37:13 IST" name="preCondition" finished-at="2023-02-11T15:37:20 IST" duration-ms="6594" status="PASS">
          <reporter-output>
          </reporter-output>
        </test-method> <!-- preCondition -->
        <test-method signature="registrationDataDrivenTest(java.lang.String,java.lang.String,java.lang.String,java.lang.String,java.lang.String)[pri:0, instance:com.qa.opencart.testcase.RegistrationPageTest@66bfd864]" started-at="2023-02-11T15:37:20 IST" name="registrationDataDrivenTest" data-provider="regTestData" finished-at="2023-02-11T15:38:13 IST" duration-ms="53274" status="PASS">
          <params>
            <param index="0">
              <value>
                <![CDATA[Vandana]]>
              </value>
            </param>
            <param index="1">
              <value>
                <![CDATA[senthil]]>
              </value>
            </param>
            <param index="2">
              <value>
                <![CDATA[3146069849]]>
              </value>
            </param>
            <param index="3">
              <value>
                <![CDATA[vandana@123]]>
              </value>
            </param>
            <param index="4">
              <value>
                <![CDATA[yes]]>
              </value>
            </param>
          </params>
          <reporter-output>
          </reporter-output>
        </test-method> <!-- registrationDataDrivenTest -->
        <test-method is-config="true" signature="preCondition()[pri:0, instance:com.qa.opencart.testcase.RegistrationPageTest@66bfd864]" started-at="2023-02-11T15:38:14 IST" name="preCondition" finished-at="2023-02-11T15:38:20 IST" duration-ms="6215" status="PASS">
          <reporter-output>
          </reporter-output>
        </test-method> <!-- preCondition -->
        <test-method signature="registrationDataDrivenTest(java.lang.String,java.lang.String,java.lang.String,java.lang.String,java.lang.String)[pri:0, instance:com.qa.opencart.testcase.RegistrationPageTest@66bfd864]" started-at="2023-02-11T15:38:20 IST" name="registrationDataDrivenTest" data-provider="regTestData" finished-at="2023-02-11T15:39:16 IST" duration-ms="55886" status="PASS">
          <params>
            <param index="0">
              <value>
                <![CDATA[sreedevi]]>
              </value>
            </param>
            <param index="1">
              <value>
                <![CDATA[Doolla]]>
              </value>
            </param>
            <param index="2">
              <value>
                <![CDATA[9980193573]]>
              </value>
            </param>
            <param index="3">
              <value>
                <![CDATA[sridevi@123]]>
              </value>
            </param>
            <param index="4">
              <value>
                <![CDATA[no]]>
              </value>
            </param>
          </params>
          <reporter-output>
          </reporter-output>
        </test-method> <!-- registrationDataDrivenTest -->
        <test-method is-config="true" signature="preCondition()[pri:0, instance:com.qa.opencart.testcase.RegistrationPageTest@66bfd864]" started-at="2023-02-11T15:39:16 IST" name="preCondition" finished-at="2023-02-11T15:39:22 IST" duration-ms="5502" status="PASS">
          <reporter-output>
          </reporter-output>
        </test-method> <!-- preCondition -->
        <test-method signature="registrationDataDrivenTest(java.lang.String,java.lang.String,java.lang.String,java.lang.String,java.lang.String)[pri:0, instance:com.qa.opencart.testcase.RegistrationPageTest@66bfd864]" started-at="2023-02-11T15:39:22 IST" name="registrationDataDrivenTest" data-provider="regTestData" finished-at="2023-02-11T15:40:14 IST" duration-ms="52738" status="PASS">
          <params>
            <param index="0">
              <value>
                <![CDATA[harshini]]>
              </value>
            </param>
            <param index="1">
              <value>
                <![CDATA[ch]]>
              </value>
            </param>
            <param index="2">
              <value>
                <![CDATA[6303236395]]>
              </value>
            </param>
            <param index="3">
              <value>
                <![CDATA[harshini@123]]>
              </value>
            </param>
            <param index="4">
              <value>
                <![CDATA[yes]]>
              </value>
            </param>
          </params>
          <reporter-output>
          </reporter-output>
        </test-method> <!-- registrationDataDrivenTest -->
        <test-method is-config="true" signature="preCondition()[pri:0, instance:com.qa.opencart.testcase.RegistrationPageTest@66bfd864]" started-at="2023-02-11T15:40:15 IST" name="preCondition" finished-at="2023-02-11T15:40:20 IST" duration-ms="5299" status="PASS">
          <reporter-output>
          </reporter-output>
        </test-method> <!-- preCondition -->
        <test-method signature="registrationTest()[pri:0, instance:com.qa.opencart.testcase.RegistrationPageTest@66bfd864]" started-at="2023-02-11T15:40:20 IST" name="registrationTest" finished-at="2023-02-11T15:41:14 IST" duration-ms="54171" status="PASS">
          <reporter-output>
          </reporter-output>
        </test-method> <!-- registrationTest -->
        <test-method is-config="true" signature="preCondition()[pri:0, instance:com.qa.opencart.testcase.RegistrationPageTest@66bfd864]" started-at="2023-02-11T15:41:15 IST" name="preCondition" finished-at="2023-02-11T15:41:20 IST" duration-ms="5577" status="PASS">
          <reporter-output>
          </reporter-output>
        </test-method> <!-- preCondition -->
        <test-method signature="validatingLoginPgLink()[pri:1, instance:com.qa.opencart.testcase.RegistrationPageTest@66bfd864]" started-at="2023-02-11T15:41:20 IST" name="validatingLoginPgLink" description="TC_01_Validating Register page login link" finished-at="2023-02-11T15:41:23 IST" duration-ms="2944" status="PASS">
          <reporter-output>
          </reporter-output>
        </test-method> <!-- validatingLoginPgLink -->
        <test-method is-config="true" signature="preCondition()[pri:0, instance:com.qa.opencart.testcase.RegistrationPageTest@66bfd864]" started-at="2023-02-11T15:41:23 IST" name="preCondition" finished-at="2023-02-11T15:41:29 IST" duration-ms="5328" status="PASS">
          <reporter-output>
          </reporter-output>
        </test-method> <!-- preCondition -->
        <test-method signature="registrationPgNegativeCases()[pri:2, instance:com.qa.opencart.testcase.RegistrationPageTest@66bfd864]" started-at="2023-02-11T15:41:29 IST" name="registrationPgNegativeCases" description="TC_02_Giving different pswds for pswd and confirm pswd" finished-at="2023-02-11T15:42:06 IST" duration-ms="36836" status="PASS">
          <reporter-output>
          </reporter-output>
        </test-method> <!-- registrationPgNegativeCases -->
        <test-method is-config="true" signature="preCondition()[pri:0, instance:com.qa.opencart.testcase.RegistrationPageTest@66bfd864]" started-at="2023-02-11T15:42:06 IST" name="preCondition" finished-at="2023-02-11T15:42:12 IST" duration-ms="5928" status="PASS">
          <reporter-output>
          </reporter-output>
        </test-method> <!-- preCondition -->
        <test-method signature="validatingPrivacyPolicyLink()[pri:3, instance:com.qa.opencart.testcase.RegistrationPageTest@66bfd864]" started-at="2023-02-11T15:42:12 IST" name="validatingPrivacyPolicyLink" description="Tc_03_Validating privacy policy link" finished-at="2023-02-11T15:42:17 IST" duration-ms="4950" status="PASS">
          <reporter-output>
          </reporter-output>
        </test-method> <!-- validatingPrivacyPolicyLink -->
        <test-method is-config="true" signature="preCondition()[pri:0, instance:com.qa.opencart.testcase.RegistrationPageTest@66bfd864]" started-at="2023-02-11T15:42:17 IST" name="preCondition" finished-at="2023-02-11T15:42:22 IST" duration-ms="5282" status="PASS">
          <reporter-output>
          </reporter-output>
        </test-method> <!-- preCondition -->
        <test-method signature="registerPgContinueBtn()[pri:4, instance:com.qa.opencart.testcase.RegistrationPageTest@66bfd864]" started-at="2023-02-11T15:42:22 IST" name="registerPgContinueBtn" description="TC_04_Click on register pg continue button" finished-at="2023-02-11T15:42:25 IST" duration-ms="2918" status="PASS">
          <reporter-output>
          </reporter-output>
        </test-method> <!-- registerPgContinueBtn -->
        <test-method is-config="true" signature="preCondition()[pri:0, instance:com.qa.opencart.testcase.RegistrationPageTest@66bfd864]" started-at="2023-02-11T15:42:25 IST" name="preCondition" finished-at="2023-02-11T15:42:31 IST" duration-ms="5306" status="PASS">
          <reporter-output>
          </reporter-output>
        </test-method> <!-- preCondition -->
        <test-method signature="existingEmailErrMsg()[pri:5, instance:com.qa.opencart.testcase.RegistrationPageTest@66bfd864]" started-at="2023-02-11T15:42:31 IST" name="existingEmailErrMsg" description="TC_05_Giving existing email" finished-at="2023-02-11T15:43:10 IST" duration-ms="38816" status="PASS">
          <reporter-output>
          </reporter-output>
        </test-method> <!-- existingEmailErrMsg -->
        <test-method is-config="true" signature="commonTearDown()[pri:0, instance:com.qa.opencart.testcase.RegistrationPageTest@66bfd864]" started-at="2023-02-11T15:43:10 IST" name="commonTearDown" finished-at="2023-02-11T15:43:10 IST" duration-ms="414" status="PASS">
          <reporter-output>
          </reporter-output>
        </test-method> <!-- commonTearDown -->
      </class> <!-- com.qa.opencart.testcase.RegistrationPageTest -->
    </test> <!-- opencartTest -->
  </suite> <!-- opencartSuite -->
</testng-results>
