<?xml version="1.0" encoding="UTF-8"?>
<testsuite xmlns:xsi="http://www.w3.org/2001/XMLSchema-instance" xsi:schemaLocation="https://maven.apache.org/surefire/maven-surefire-plugin/xsd/surefire-test-report.xsd" name="TestSuite" time="609.134" tests="48" errors="0" skipped="0" failures="0">
  <properties>
[...]
</properties>
  <testcase name="verifyOpenCartLogoTest" classname="com.qa.opencart.testcase.HomePageTest" time="0.426"/>
  <testcase name="verifyOpenCartTitleTest" classname="com.qa.opencart.testcase.HomePageTest" time="0.219"/>
  <testcase name="navigateToRegistrationPageTest" classname="com.qa.opencart.testcase.HomePageTest" time="6.477"/>
  <testcase name="navigateToLoginPageTest" classname="com.qa.opencart.testcase.HomePageTest" time="6.094"/>
  <testcase name="registrationDataDrivenTest" classname="com.qa.opencart.testcase.RegistrationPageTest" time="52.771"/>
  <testcase name="registrationDataDrivenTest" classname="com.qa.opencart.testcase.RegistrationPageTest" time="53.336"/>
  <testcase name="registrationDataDrivenTest" classname="com.qa.opencart.testcase.RegistrationPageTest" time="52.702"/>
  <testcase name="registrationTest" classname="com.qa.opencart.testcase.RegistrationPageTest" time="51.654"/>
  <testcase name="validatingLoginPgLink" classname="com.qa.opencart.testcase.RegistrationPageTest" time="2.984"/>
  <testcase name="registrationPgNegativeCases" classname="com.qa.opencart.testcase.RegistrationPageTest" time="36.832"/>
  <testcase name="validatingPrivacyPolicyLink" classname="com.qa.opencart.testcase.RegistrationPageTest" time="5.049"/>
  <testcase name="registerPgContinueBtn" classname="com.qa.opencart.testcase.RegistrationPageTest" time="3.3"/>
  <testcase name="existingEmailErrMsg" classname="com.qa.opencart.testcase.RegistrationPageTest" time="38.968"/>
  <testcase name="verifyIsForgotYourPswdHeaderTxtAvailableTest" classname="com.qa.opencart.testcase.ForgotPswdPageTest" time="0.202"/>
  <testcase name="verifyIsYourEmailAddrTxtAvailableTest" classname="com.qa.opencart.testcase.ForgotPswdPageTest" time="0.251"/>
  <testcase name="setRandomEmailTest" classname="com.qa.opencart.testcase.ForgotPswdPageTest" time="10.496"/>
  <testcase name="withoutFillingEmailTest" classname="com.qa.opencart.testcase.ForgotPswdPageTest" time="8.132"/>
  <testcase name="validatingBackLinkTest" classname="com.qa.opencart.testcase.ForgotPswdPageTest" time="2.949"/>
  <testcase name="navigatingToForgotPswdPgFromRegPgTest" classname="com.qa.opencart.testcase.ForgotPswdPageTest" time="7.964"/>
  <testcase name="verifyLoginPgTitleTest" classname="com.qa.opencart.testcase.LoginPageTest" time="0.189"/>
  <testcase name="verifyLoginPgUrlTest" classname="com.qa.opencart.testcase.LoginPageTest" time="0.147"/>
  <testcase name="verifyingIsNewCustomerHeaderTextAvailableTest" classname="com.qa.opencart.testcase.LoginPageTest" time="0.225"/>
  <testcase name="verifyingIsReturningCustomerHeaderTextTest" classname="com.qa.opencart.testcase.LoginPageTest" time="0.195"/>
  <testcase name="verifyForgotPswdExistsTest" classname="com.qa.opencart.testcase.LoginPageTest" time="0.208"/>
  <testcase name="verifyingIsRegisterAccountTextAvailableTest" classname="com.qa.opencart.testcase.LoginPageTest" time="0.195"/>
  <testcase name="validatingForgottenPswdLinkTest" classname="com.qa.opencart.testcase.LoginPageTest" time="3.343"/>
  <testcase name="validatingLoginPgContinueBtnTest" classname="com.qa.opencart.testcase.LoginPageTest" time="3.821"/>
  <testcase name="loginTest" classname="com.qa.opencart.testcase.LoginPageTest" time="8.087"/>
  <testcase name="verifyingMyAccountPgUrl" classname="com.qa.opencart.testcase.MyAccountPageTest" time="0.231"/>
  <testcase name="verifyingMyAccountPgTitle" classname="com.qa.opencart.testcase.MyAccountPageTest" time="0.174"/>
  <testcase name="verifyingSearchBoxExistsTest" classname="com.qa.opencart.testcase.MyAccountPageTest" time="0.202"/>
  <testcase name="verifyingLogoutExistsTest" classname="com.qa.opencart.testcase.MyAccountPageTest" time="2.512"/>
  <testcase name="verifyingMyAccMenuOptionList" classname="com.qa.opencart.testcase.MyAccountPageTest" time="2.506"/>
  <testcase name="verifyingMyAccHeaderList" classname="com.qa.opencart.testcase.MyAccountPageTest" time="0.259"/>
  <testcase name="productSearchTest" classname="com.qa.opencart.testcase.MyAccountPageTest" time="8.726"/>
  <testcase name="productSearchTest" classname="com.qa.opencart.testcase.MyAccountPageTest" time="8.522"/>
  <testcase name="productSearchTest" classname="com.qa.opencart.testcase.MyAccountPageTest" time="8.51"/>
  <testcase name="productHeaderTest" classname="com.qa.opencart.testcase.ProductsDetailsPageTest" time="5.454"/>
  <testcase name="productHeaderTest" classname="com.qa.opencart.testcase.ProductsDetailsPageTest" time="4.952"/>
  <testcase name="productHeaderTest" classname="com.qa.opencart.testcase.ProductsDetailsPageTest" time="4.863"/>
  <testcase name="productHeaderTest" classname="com.qa.opencart.testcase.ProductsDetailsPageTest" time="4.752"/>
  <testcase name="productHeaderTest" classname="com.qa.opencart.testcase.ProductsDetailsPageTest" time="4.914"/>
  <testcase name="productImagesTest" classname="com.qa.opencart.testcase.ProductsDetailsPageTest" time="4.358"/>
  <testcase name="productImagesTest" classname="com.qa.opencart.testcase.ProductsDetailsPageTest" time="4.517"/>
  <testcase name="productImagesTest" classname="com.qa.opencart.testcase.ProductsDetailsPageTest" time="4.396"/>
  <testcase name="productImagesTest" classname="com.qa.opencart.testcase.ProductsDetailsPageTest" time="4.546"/>
  <testcase name="productImagesTest" classname="com.qa.opencart.testcase.ProductsDetailsPageTest" time="4.631"/>
  <testcase name="productMetaDataTest" classname="com.qa.opencart.testcase.ProductsDetailsPageTest" time="4.339"/>
</testsuite>