<?xml version="1.0" encoding="UTF-8"?>
<testsuite xmlns:xsi="http://www.w3.org/2001/XMLSchema-instance" xsi:schemaLocation="https://maven.apache.org/surefire/maven-surefire-plugin/xsd/surefire-test-report.xsd" name="TestSuite" time="701.92" tests="48" errors="0" skipped="0" failures="0">
  <properties>
[...]
</properties>
  <testcase name="verifyOpenCartLogoTest" classname="com.qa.opencart.testcase.HomePageTest" time="0.576"/>
  <testcase name="verifyOpenCartTitleTest" classname="com.qa.opencart.testcase.HomePageTest" time="0.243"/>
  <testcase name="navigateToRegistrationPageTest" classname="com.qa.opencart.testcase.HomePageTest" time="7.737"/>
  <testcase name="navigateToLoginPageTest" classname="com.qa.opencart.testcase.HomePageTest" time="6.764"/>
  <testcase name="registrationDataDrivenTest" classname="com.qa.opencart.testcase.RegistrationPageTest" time="53.546"/>
  <testcase name="registrationDataDrivenTest" classname="com.qa.opencart.testcase.RegistrationPageTest" time="56.129"/>
  <testcase name="registrationDataDrivenTest" classname="com.qa.opencart.testcase.RegistrationPageTest" time="53.045"/>
  <testcase name="registrationTest" classname="com.qa.opencart.testcase.RegistrationPageTest" time="54.462"/>
  <testcase name="validatingLoginPgLink" classname="com.qa.opencart.testcase.RegistrationPageTest" time="3.158"/>
  <testcase name="registrationPgNegativeCases" classname="com.qa.opencart.testcase.RegistrationPageTest" time="37.216"/>
  <testcase name="validatingPrivacyPolicyLink" classname="com.qa.opencart.testcase.RegistrationPageTest" time="5.165"/>
  <testcase name="registerPgContinueBtn" classname="com.qa.opencart.testcase.RegistrationPageTest" time="3.09"/>
  <testcase name="existingEmailErrMsg" classname="com.qa.opencart.testcase.RegistrationPageTest" time="39.037"/>
  <testcase name="verifyIsForgotYourPswdHeaderTxtAvailableTest" classname="com.qa.opencart.testcase.ForgotPswdPageTest" time="0.213"/>
  <testcase name="verifyIsYourEmailAddrTxtAvailableTest" classname="com.qa.opencart.testcase.ForgotPswdPageTest" time="0.279"/>
  <testcase name="setRandomEmailTest" classname="com.qa.opencart.testcase.ForgotPswdPageTest" time="11.34"/>
  <testcase name="withoutFillingEmailTest" classname="com.qa.opencart.testcase.ForgotPswdPageTest" time="8.21"/>
  <testcase name="validatingBackLinkTest" classname="com.qa.opencart.testcase.ForgotPswdPageTest" time="3.118"/>
  <testcase name="navigatingToForgotPswdPgFromRegPgTest" classname="com.qa.opencart.testcase.ForgotPswdPageTest" time="8.266"/>
  <testcase name="verifyLoginPgTitleTest" classname="com.qa.opencart.testcase.LoginPageTest" time="0.197"/>
  <testcase name="verifyLoginPgUrlTest" classname="com.qa.opencart.testcase.LoginPageTest" time="0.195"/>
  <testcase name="verifyingIsNewCustomerHeaderTextAvailableTest" classname="com.qa.opencart.testcase.LoginPageTest" time="0.22"/>
  <testcase name="verifyingIsReturningCustomerHeaderTextTest" classname="com.qa.opencart.testcase.LoginPageTest" time="0.209"/>
  <testcase name="verifyForgotPswdExistsTest" classname="com.qa.opencart.testcase.LoginPageTest" time="0.203"/>
  <testcase name="verifyingIsRegisterAccountTextAvailableTest" classname="com.qa.opencart.testcase.LoginPageTest" time="0.207"/>
  <testcase name="validatingForgottenPswdLinkTest" classname="com.qa.opencart.testcase.LoginPageTest" time="3.617"/>
  <testcase name="validatingLoginPgContinueBtnTest" classname="com.qa.opencart.testcase.LoginPageTest" time="5.059"/>
  <testcase name="loginTest" classname="com.qa.opencart.testcase.LoginPageTest" time="8.78"/>
  <testcase name="verifyingMyAccountPgUrl" classname="com.qa.opencart.testcase.MyAccountPageTest" time="0.214"/>
  <testcase name="verifyingMyAccountPgTitle" classname="com.qa.opencart.testcase.MyAccountPageTest" time="0.142"/>
  <testcase name="verifyingSearchBoxExistsTest" classname="com.qa.opencart.testcase.MyAccountPageTest" time="0.196"/>
  <testcase name="verifyingLogoutExistsTest" classname="com.qa.opencart.testcase.MyAccountPageTest" time="2.424"/>
  <testcase name="verifyingMyAccMenuOptionList" classname="com.qa.opencart.testcase.MyAccountPageTest" time="2.509"/>
  <testcase name="verifyingMyAccHeaderList" classname="com.qa.opencart.testcase.MyAccountPageTest" time="0.245"/>
  <testcase name="productSearchTest" classname="com.qa.opencart.testcase.MyAccountPageTest" time="9.563"/>
  <testcase name="productSearchTest" classname="com.qa.opencart.testcase.MyAccountPageTest" time="11.391"/>
  <testcase name="productSearchTest" classname="com.qa.opencart.testcase.MyAccountPageTest" time="10.545"/>
  <testcase name="productHeaderTest" classname="com.qa.opencart.testcase.ProductsDetailsPageTest" time="11.898"/>
  <testcase name="productHeaderTest" classname="com.qa.opencart.testcase.ProductsDetailsPageTest" time="11.562"/>
  <testcase name="productHeaderTest" classname="com.qa.opencart.testcase.ProductsDetailsPageTest" time="6.566"/>
  <testcase name="productHeaderTest" classname="com.qa.opencart.testcase.ProductsDetailsPageTest" time="7.101"/>
  <testcase name="productHeaderTest" classname="com.qa.opencart.testcase.ProductsDetailsPageTest" time="7.213"/>
  <testcase name="productImagesTest" classname="com.qa.opencart.testcase.ProductsDetailsPageTest" time="6.726"/>
  <testcase name="productImagesTest" classname="com.qa.opencart.testcase.ProductsDetailsPageTest" time="8.092"/>
  <testcase name="productImagesTest" classname="com.qa.opencart.testcase.ProductsDetailsPageTest" time="6.945"/>
  <testcase name="productImagesTest" classname="com.qa.opencart.testcase.ProductsDetailsPageTest" time="12.241"/>
  <testcase name="productImagesTest" classname="com.qa.opencart.testcase.ProductsDetailsPageTest" time="10.113"/>
  <testcase name="productMetaDataTest" classname="com.qa.opencart.testcase.ProductsDetailsPageTest" time="9.184"/>
</testsuite>